# JRE version: OpenJDK Runtime Environment (7.0_79-b14) (build 1.7.0_79-b14)
# Java VM: OpenJDK 64-Bit Server VM (24.79-b02 mixed mode linux-amd64 compressed oops)
Heap
 PSYoungGen      total 306176K, used 5148K [0x0000000600000000, 0x0000000625600000, 0x0000000800000000)
  eden space 262656K, 1% used [0x0000000600000000,0x0000000600507048,0x0000000610080000)
  from space 43520K, 0% used [0x0000000610080000,0x0000000610080000,0x0000000612b00000)
  to   space 43520K, 0% used [0x0000000622b80000,0x0000000622b80000,0x0000000625600000)
 ParOldGen       total 1054720K, used 719212K [0x0000000200000000, 0x0000000240600000, 0x0000000600000000)
  object space 1054720K, 68% used [0x0000000200000000,0x000000022be5b0f8,0x0000000240600000)
 PSPermGen       total 21504K, used 6266K [0x00000001c0000000, 0x00000001c1500000, 0x0000000200000000)
  object space 21504K, 29% used [0x00000001c0000000,0x00000001c061eba8,0x00000001c1500000)
GC Heap History (10 events):
Event: 0.254 GC heap before
{Heap before GC invocations=1 (full 0):
 PSYoungGen      total 306176K, used 10506K [0x0000000600000000, 0x0000000615580000, 0x0000000800000000)
  eden space 262656K, 4% used [0x0000000600000000,0x0000000600a429e8,0x0000000610080000)
  from space 43520K, 0% used [0x0000000612b00000,0x0000000612b00000,0x0000000615580000)
  to   space 43520K, 0% used [0x0000000610080000,0x0000000610080000,0x0000000612b00000)
 ParOldGen       total 699392K, used 0K [0x0000000200000000, 0x000000022ab00000, 0x0000000600000000)
  object space 699392K, 0% used [0x0000000200000000,0x0000000200000000,0x000000022ab00000)
 PSPermGen       total 21504K, used 4942K [0x00000001c0000000, 0x00000001c1500000, 0x0000000200000000)
  object space 21504K, 22% used [0x00000001c0000000,0x00000001c04d39e8,0x00000001c1500000)
Event: 0.257 GC heap after
Heap after GC invocations=1 (full 0):
 PSYoungGen      total 306176K, used 971K [0x0000000600000000, 0x0000000615580000, 0x0000000800000000)
  eden space 262656K, 0% used [0x0000000600000000,0x0000000600000000,0x0000000610080000)
  from space 43520K, 2% used [0x0000000610080000,0x0000000610172cd8,0x0000000612b00000)
  to   space 43520K, 0% used [0x0000000612b00000,0x0000000612b00000,0x0000000615580000)
 ParOldGen       total 699392K, used 0K [0x0000000200000000, 0x000000022ab00000, 0x0000000600000000)
  object space 699392K, 0% used [0x0000000200000000,0x0000000200000000,0x000000022ab00000)
 PSPermGen       total 21504K, used 4942K [0x00000001c0000000, 0x00000001c1500000, 0x0000000200000000)
  object space 21504K, 22% used [0x00000001c0000000,0x00000001c04d39e8,0x00000001c1500000)
}
Event: 0.257 GC heap before
{Heap before GC invocations=2 (full 1):
 PSYoungGen      total 306176K, used 971K [0x0000000600000000, 0x0000000615580000, 0x0000000800000000)
  eden space 262656K, 0% used [0x0000000600000000,0x0000000600000000,0x0000000610080000)
  from space 43520K, 2% used [0x0000000610080000,0x0000000610172cd8,0x0000000612b00000)
  to   space 43520K, 0% used [0x0000000612b00000,0x0000000612b00000,0x0000000615580000)
 ParOldGen       total 699392K, used 0K [0x0000000200000000, 0x000000022ab00000, 0x0000000600000000)
  object space 699392K, 0% used [0x0000000200000000,0x0000000200000000,0x000000022ab00000)
 PSPermGen       total 21504K, used 4942K [0x00000001c0000000, 0x00000001c1500000, 0x0000000200000000)
  object space 21504K, 22% used [0x00000001c0000000,0x00000001c04d39e8,0x00000001c1500000)
Event: 0.277 GC heap after
Heap after GC invocations=2 (full 1):
 PSYoungGen      total 306176K, used 0K [0x0000000600000000, 0x0000000615580000, 0x0000000800000000)
  eden space 262656K, 0% used [0x0000000600000000,0x0000000600000000,0x0000000610080000)
  from space 43520K, 0% used [0x0000000610080000,0x0000000610080000,0x0000000612b00000)
  to   space 43520K, 0% used [0x0000000612b00000,0x0000000612b00000,0x0000000615580000)
 ParOldGen       total 699392K, used 926K [0x0000000200000000, 0x000000022ab00000, 0x0000000600000000)
  object space 699392K, 0% used [0x0000000200000000,0x00000002000e7b88,0x000000022ab00000)
 PSPermGen       total 21504K, used 4941K [0x00000001c0000000, 0x00000001c1500000, 0x0000000200000000)
  object space 21504K, 22% used [0x00000001c0000000,0x00000001c04d3540,0x00000001c1500000)
}
Event: 7.566 GC heap before
{Heap before GC invocations=3 (full 1):
 PSYoungGen      total 306176K, used 262656K [0x0000000600000000, 0x0000000615580000, 0x0000000800000000)
  eden space 262656K, 100% used [0x0000000600000000,0x0000000610080000,0x0000000610080000)
  from space 43520K, 0% used [0x0000000610080000,0x0000000610080000,0x0000000612b00000)
  to   space 43520K, 0% used [0x0000000612b00000,0x0000000612b00000,0x0000000615580000)
 ParOldGen       total 1054720K, used 711079K [0x0000000200000000, 0x0000000240600000, 0x0000000600000000)
  object space 1054720K, 67% used [0x0000000200000000,0x000000022b669c28,0x0000000240600000)
 PSPermGen       total 21504K, used 6263K [0x00000001c0000000, 0x00000001c1500000, 0x0000000200000000)
  object space 21504K, 29% used [0x00000001c0000000,0x00000001c061dc20,0x00000001c1500000)
Event: 7.707 GC heap after
Heap after GC invocations=3 (full 1):
 PSYoungGen      total 306176K, used 7892K [0x0000000600000000, 0x0000000625600000, 0x0000000800000000)
  eden space 262656K, 0% used [0x0000000600000000,0x0000000600000000,0x0000000610080000)
  from space 43520K, 18% used [0x0000000612b00000,0x00000006132b53b8,0x0000000615580000)
  to   space 43520K, 0% used [0x0000000610080000,0x0000000610080000,0x0000000612b00000)
 ParOldGen       total 1054720K, used 711079K [0x0000000200000000, 0x0000000240600000, 0x0000000600000000)
  object space 1054720K, 67% used [0x0000000200000000,0x000000022b669c28,0x0000000240600000)
 PSPermGen       total 21504K, used 6263K [0x00000001c0000000, 0x00000001c1500000, 0x0000000200000000)
  object space 21504K, 29% used [0x00000001c0000000,0x00000001c061dc20,0x00000001c1500000)
}
Event: 9.562 GC heap before
{Heap before GC invocations=4 (full 1):
 PSYoungGen      total 306176K, used 80093K [0x0000000600000000, 0x0000000625600000, 0x0000000800000000)
  eden space 262656K, 27% used [0x0000000600000000,0x0000000604682380,0x0000000610080000)
  from space 43520K, 18% used [0x0000000612b00000,0x00000006132b53b8,0x0000000615580000)
  to   space 43520K, 0% used [0x0000000610080000,0x0000000610080000,0x0000000612b00000)
 ParOldGen       total 1054720K, used 711079K [0x0000000200000000, 0x0000000240600000, 0x0000000600000000)
  object space 1054720K, 67% used [0x0000000200000000,0x000000022b669c28,0x0000000240600000)
 PSPermGen       total 21504K, used 6264K [0x00000001c0000000, 0x00000001c1500000, 0x0000000200000000)
  object space 21504K, 29% used [0x00000001c0000000,0x00000001c061e080,0x00000001c1500000)
Event: 9.691 GC heap after
Heap after GC invocations=4 (full 1):
 PSYoungGen      total 306176K, used 8576K [0x0000000600000000, 0x0000000625600000, 0x0000000800000000)
  eden space 262656K, 0% used [0x0000000600000000,0x0000000600000000,0x0000000610080000)
  from space 43520K, 19% used [0x0000000610080000,0x00000006108e0020,0x0000000612b00000)
  to   space 43520K, 0% used [0x0000000622b80000,0x0000000622b80000,0x0000000625600000)
 ParOldGen       total 1054720K, used 711079K [0x0000000200000000, 0x0000000240600000, 0x0000000600000000)
  object space 1054720K, 67% used [0x0000000200000000,0x000000022b669c28,0x0000000240600000)
 PSPermGen       total 21504K, used 6264K [0x00000001c0000000, 0x00000001c1500000, 0x0000000200000000)
  object space 21504K, 29% used [0x00000001c0000000,0x00000001c061e080,0x00000001c1500000)
}
Event: 9.691 GC heap before
{Heap before GC invocations=5 (full 2):
 PSYoungGen      total 306176K, used 8576K [0x0000000600000000, 0x0000000625600000, 0x0000000800000000)
  eden space 262656K, 0% used [0x0000000600000000,0x0000000600000000,0x0000000610080000)
  from space 43520K, 19% used [0x0000000610080000,0x00000006108e0020,0x0000000612b00000)
  to   space 43520K, 0% used [0x0000000622b80000,0x0000000622b80000,0x0000000625600000)
 ParOldGen       total 1054720K, used 711079K [0x0000000200000000, 0x0000000240600000, 0x0000000600000000)
  object space 1054720K, 67% used [0x0000000200000000,0x000000022b669c28,0x0000000240600000)
 PSPermGen       total 21504K, used 6264K [0x00000001c0000000, 0x00000001c1500000, 0x0000000200000000)
  object space 21504K, 29% used [0x00000001c0000000,0x00000001c061e080,0x00000001c1500000)
Event: 10.075 GC heap after
Heap after GC invocations=5 (full 2):
 PSYoungGen      total 306176K, used 0K [0x0000000600000000, 0x0000000625600000, 0x0000000800000000)
  eden space 262656K, 0% used [0x0000000600000000,0x0000000600000000,0x0000000610080000)
  from space 43520K, 0% used [0x0000000610080000,0x0000000610080000,0x0000000612b00000)
  to   space 43520K, 0% used [0x0000000622b80000,0x0000000622b80000,0x0000000625600000)
 ParOldGen       total 1054720K, used 719212K [0x0000000200000000, 0x0000000240600000, 0x0000000600000000)
  object space 1054720K, 68% used [0x0000000200000000,0x000000022be5b0f8,0x0000000240600000)
 PSPermGen       total 21504K, used 6263K [0x00000001c0000000, 0x00000001c1500000, 0x0000000200000000)
  object space 21504K, 29% used [0x00000001c0000000,0x00000001c061dec8,0x00000001c1500000)
}

