# JRE version: OpenJDK Runtime Environment (7.0_79-b14) (build 1.7.0_79-b14)
# Java VM: OpenJDK 64-Bit Server VM (24.79-b02 mixed mode linux-amd64 compressed oops)
Heap
 PSYoungGen      total 306176K, used 5180K [0x0000000600000000, 0x0000000625600000, 0x0000000800000000)
  eden space 262656K, 1% used [0x0000000600000000,0x000000060050f2b0,0x0000000610080000)
  from space 43520K, 0% used [0x0000000610080000,0x0000000610080000,0x0000000612b00000)
  to   space 43520K, 0% used [0x0000000622b80000,0x0000000622b80000,0x0000000625600000)
 ParOldGen       total 1054720K, used 721611K [0x0000000200000000, 0x0000000240600000, 0x0000000600000000)
  object space 1054720K, 68% used [0x0000000200000000,0x000000022c0b2ce0,0x0000000240600000)
 PSPermGen       total 21504K, used 6265K [0x00000001c0000000, 0x00000001c1500000, 0x0000000200000000)
  object space 21504K, 29% used [0x00000001c0000000,0x00000001c061e570,0x00000001c1500000)
GC Heap History (10 events):
Event: 0.245 GC heap before
{Heap before GC invocations=1 (full 0):
 PSYoungGen      total 306176K, used 10506K [0x0000000600000000, 0x0000000615580000, 0x0000000800000000)
  eden space 262656K, 4% used [0x0000000600000000,0x0000000600a429e8,0x0000000610080000)
  from space 43520K, 0% used [0x0000000612b00000,0x0000000612b00000,0x0000000615580000)
  to   space 43520K, 0% used [0x0000000610080000,0x0000000610080000,0x0000000612b00000)
 ParOldGen       total 699392K, used 0K [0x0000000200000000, 0x000000022ab00000, 0x0000000600000000)
  object space 699392K, 0% used [0x0000000200000000,0x0000000200000000,0x000000022ab00000)
 PSPermGen       total 21504K, used 4942K [0x00000001c0000000, 0x00000001c1500000, 0x0000000200000000)
  object space 21504K, 22% used [0x00000001c0000000,0x00000001c04d39e8,0x00000001c1500000)
Event: 0.248 GC heap after
Heap after GC invocations=1 (full 0):
 PSYoungGen      total 306176K, used 971K [0x0000000600000000, 0x0000000615580000, 0x0000000800000000)
  eden space 262656K, 0% used [0x0000000600000000,0x0000000600000000,0x0000000610080000)
  from space 43520K, 2% used [0x0000000610080000,0x0000000610172cd8,0x0000000612b00000)
  to   space 43520K, 0% used [0x0000000612b00000,0x0000000612b00000,0x0000000615580000)
 ParOldGen       total 699392K, used 0K [0x0000000200000000, 0x000000022ab00000, 0x0000000600000000)
  object space 699392K, 0% used [0x0000000200000000,0x0000000200000000,0x000000022ab00000)
 PSPermGen       total 21504K, used 4942K [0x00000001c0000000, 0x00000001c1500000, 0x0000000200000000)
  object space 21504K, 22% used [0x00000001c0000000,0x00000001c04d39e8,0x00000001c1500000)
}
Event: 0.248 GC heap before
{Heap before GC invocations=2 (full 1):
 PSYoungGen      total 306176K, used 971K [0x0000000600000000, 0x0000000615580000, 0x0000000800000000)
  eden space 262656K, 0% used [0x0000000600000000,0x0000000600000000,0x0000000610080000)
  from space 43520K, 2% used [0x0000000610080000,0x0000000610172cd8,0x0000000612b00000)
  to   space 43520K, 0% used [0x0000000612b00000,0x0000000612b00000,0x0000000615580000)
 ParOldGen       total 699392K, used 0K [0x0000000200000000, 0x000000022ab00000, 0x0000000600000000)
  object space 699392K, 0% used [0x0000000200000000,0x0000000200000000,0x000000022ab00000)
 PSPermGen       total 21504K, used 4942K [0x00000001c0000000, 0x00000001c1500000, 0x0000000200000000)
  object space 21504K, 22% used [0x00000001c0000000,0x00000001c04d39e8,0x00000001c1500000)
Event: 0.266 GC heap after
Heap after GC invocations=2 (full 1):
 PSYoungGen      total 306176K, used 0K [0x0000000600000000, 0x0000000615580000, 0x0000000800000000)
  eden space 262656K, 0% used [0x0000000600000000,0x0000000600000000,0x0000000610080000)
  from space 43520K, 0% used [0x0000000610080000,0x0000000610080000,0x0000000612b00000)
  to   space 43520K, 0% used [0x0000000612b00000,0x0000000612b00000,0x0000000615580000)
 ParOldGen       total 699392K, used 926K [0x0000000200000000, 0x000000022ab00000, 0x0000000600000000)
  object space 699392K, 0% used [0x0000000200000000,0x00000002000e7b88,0x000000022ab00000)
 PSPermGen       total 21504K, used 4941K [0x00000001c0000000, 0x00000001c1500000, 0x0000000200000000)
  object space 21504K, 22% used [0x00000001c0000000,0x00000001c04d3540,0x00000001c1500000)
}
Event: 8.680 GC heap before
{Heap before GC invocations=3 (full 1):
 PSYoungGen      total 306176K, used 262656K [0x0000000600000000, 0x0000000615580000, 0x0000000800000000)
  eden space 262656K, 100% used [0x0000000600000000,0x0000000610080000,0x0000000610080000)
  from space 43520K, 0% used [0x0000000610080000,0x0000000610080000,0x0000000612b00000)
  to   space 43520K, 0% used [0x0000000612b00000,0x0000000612b00000,0x0000000615580000)
 ParOldGen       total 1054720K, used 711079K [0x0000000200000000, 0x0000000240600000, 0x0000000600000000)
  object space 1054720K, 67% used [0x0000000200000000,0x000000022b669c28,0x0000000240600000)
 PSPermGen       total 21504K, used 6241K [0x00000001c0000000, 0x00000001c1500000, 0x0000000200000000)
  object space 21504K, 29% used [0x00000001c0000000,0x00000001c0618450,0x00000001c1500000)
Event: 8.814 GC heap after
Heap after GC invocations=3 (full 1):
 PSYoungGen      total 306176K, used 7648K [0x0000000600000000, 0x0000000625600000, 0x0000000800000000)
  eden space 262656K, 0% used [0x0000000600000000,0x0000000600000000,0x0000000610080000)
  from space 43520K, 17% used [0x0000000612b00000,0x00000006132780e0,0x0000000615580000)
  to   space 43520K, 0% used [0x0000000610080000,0x0000000610080000,0x0000000612b00000)
 ParOldGen       total 1054720K, used 711079K [0x0000000200000000, 0x0000000240600000, 0x0000000600000000)
  object space 1054720K, 67% used [0x0000000200000000,0x000000022b669c28,0x0000000240600000)
 PSPermGen       total 21504K, used 6241K [0x00000001c0000000, 0x00000001c1500000, 0x0000000200000000)
  object space 21504K, 29% used [0x00000001c0000000,0x00000001c0618450,0x00000001c1500000)
}
Event: 13.818 GC heap before
{Heap before GC invocations=4 (full 1):
 PSYoungGen      total 306176K, used 177920K [0x0000000600000000, 0x0000000625600000, 0x0000000800000000)
  eden space 262656K, 64% used [0x0000000600000000,0x000000060a647f28,0x0000000610080000)
  from space 43520K, 17% used [0x0000000612b00000,0x00000006132780e0,0x0000000615580000)
  to   space 43520K, 0% used [0x0000000610080000,0x0000000610080000,0x0000000612b00000)
 ParOldGen       total 1054720K, used 711079K [0x0000000200000000, 0x0000000240600000, 0x0000000600000000)
  object space 1054720K, 67% used [0x0000000200000000,0x000000022b669c28,0x0000000240600000)
 PSPermGen       total 21504K, used 6262K [0x00000001c0000000, 0x00000001c1500000, 0x0000000200000000)
  object space 21504K, 29% used [0x00000001c0000000,0x00000001c061da90,0x00000001c1500000)
Event: 13.959 GC heap after
Heap after GC invocations=4 (full 1):
 PSYoungGen      total 306176K, used 10976K [0x0000000600000000, 0x0000000625600000, 0x0000000800000000)
  eden space 262656K, 0% used [0x0000000600000000,0x0000000600000000,0x0000000610080000)
  from space 43520K, 25% used [0x0000000610080000,0x0000000610b38020,0x0000000612b00000)
  to   space 43520K, 0% used [0x0000000622b80000,0x0000000622b80000,0x0000000625600000)
 ParOldGen       total 1054720K, used 711079K [0x0000000200000000, 0x0000000240600000, 0x0000000600000000)
  object space 1054720K, 67% used [0x0000000200000000,0x000000022b669c28,0x0000000240600000)
 PSPermGen       total 21504K, used 6262K [0x00000001c0000000, 0x00000001c1500000, 0x0000000200000000)
  object space 21504K, 29% used [0x00000001c0000000,0x00000001c061da90,0x00000001c1500000)
}
Event: 13.959 GC heap before
{Heap before GC invocations=5 (full 2):
 PSYoungGen      total 306176K, used 10976K [0x0000000600000000, 0x0000000625600000, 0x0000000800000000)
  eden space 262656K, 0% used [0x0000000600000000,0x0000000600000000,0x0000000610080000)
  from space 43520K, 25% used [0x0000000610080000,0x0000000610b38020,0x0000000612b00000)
  to   space 43520K, 0% used [0x0000000622b80000,0x0000000622b80000,0x0000000625600000)
 ParOldGen       total 1054720K, used 711079K [0x0000000200000000, 0x0000000240600000, 0x0000000600000000)
  object space 1054720K, 67% used [0x0000000200000000,0x000000022b669c28,0x0000000240600000)
 PSPermGen       total 21504K, used 6262K [0x00000001c0000000, 0x00000001c1500000, 0x0000000200000000)
  object space 21504K, 29% used [0x00000001c0000000,0x00000001c061da90,0x00000001c1500000)
Event: 14.365 GC heap after
Heap after GC invocations=5 (full 2):
 PSYoungGen      total 306176K, used 0K [0x0000000600000000, 0x0000000625600000, 0x0000000800000000)
  eden space 262656K, 0% used [0x0000000600000000,0x0000000600000000,0x0000000610080000)
  from space 43520K, 0% used [0x0000000610080000,0x0000000610080000,0x0000000612b00000)
  to   space 43520K, 0% used [0x0000000622b80000,0x0000000622b80000,0x0000000625600000)
 ParOldGen       total 1054720K, used 721611K [0x0000000200000000, 0x0000000240600000, 0x0000000600000000)
  object space 1054720K, 68% used [0x0000000200000000,0x000000022c0b2ce0,0x0000000240600000)
 PSPermGen       total 21504K, used 6262K [0x00000001c0000000, 0x00000001c1500000, 0x0000000200000000)
  object space 21504K, 29% used [0x00000001c0000000,0x00000001c061d958,0x00000001c1500000)
}

